2025-12-11 15:35:22 -05 LOG:  el sistema de bases de datos fue apagado en 2025-12-11 14:06:52 -05
2025-12-11 15:40:22 -05 LOG:  empezando checkpoint: time
2025-12-11 15:40:22 -05 LOG:  checkpoint complete: wrote 0 buffers (0.0%), wrote 3 SLRU buffers; 0 WAL file(s) added, 0 removed, 0 recycled; write=0.011 s, sync=0.002 s, total=0.062 s; sync files=2, longest=0.002 s, average=0.001 s; distance=0 kB, estimate=0 kB; lsn=0/1D90398, redo lsn=0/1D90340
2025-12-11 16:21:03 -05 LOG:  empezando checkpoint: time
2025-12-11 16:21:11 -05 LOG:  checkpoint complete: wrote 58 buffers (0.4%), wrote 1 SLRU buffers; 0 WAL file(s) added, 0 removed, 0 recycled; write=6.510 s, sync=0.501 s, total=7.138 s; sync files=51, longest=0.045 s, average=0.010 s; distance=277 kB, estimate=277 kB; lsn=0/1DD5AF0, redo lsn=0/1DD5A98
2025-12-11 16:42:49 -05 ERROR:  no existe la columna usuarios.rol en carácter 160
2025-12-11 16:42:49 -05 SENTENCIA:  SELECT usuarios.id AS usuarios_id, usuarios.email AS usuarios_email, usuarios.hashed_password AS usuarios_hashed_password, usuarios.nombre AS usuarios_nombre, usuarios.rol AS usuarios_rol, usuarios.es_admin AS usuarios_es_admin, usuarios.created_at AS usuarios_created_at 
	FROM usuarios 
	WHERE usuarios.email = 'admin@nomina.co' 
	 LIMIT 1
2025-12-11 16:46:03 -05 LOG:  empezando checkpoint: time
2025-12-11 16:46:03 -05 LOG:  checkpoint complete: wrote 2 buffers (0.0%), wrote 0 SLRU buffers; 0 WAL file(s) added, 0 removed, 0 recycled; write=0.274 s, sync=0.010 s, total=0.315 s; sync files=2, longest=0.009 s, average=0.005 s; distance=10 kB, estimate=251 kB; lsn=0/1DD84F8, redo lsn=0/1DD84A0
2025-12-11 16:51:03 -05 LOG:  empezando checkpoint: time
2025-12-11 16:51:18 -05 LOG:  checkpoint complete: wrote 129 buffers (0.8%), wrote 1 SLRU buffers; 0 WAL file(s) added, 0 removed, 0 recycled; write=14.448 s, sync=0.145 s, total=14.623 s; sync files=99, longest=0.054 s, average=0.002 s; distance=920 kB, estimate=920 kB; lsn=0/1EBE568, redo lsn=0/1EBE4D8
2025-12-11 17:21:03 -05 LOG:  empezando checkpoint: time
2025-12-11 17:21:03 -05 LOG:  checkpoint complete: wrote 4 buffers (0.0%), wrote 0 SLRU buffers; 0 WAL file(s) added, 0 removed, 0 recycled; write=0.452 s, sync=0.002 s, total=0.493 s; sync files=3, longest=0.001 s, average=0.001 s; distance=23 kB, estimate=830 kB; lsn=0/1EC4520, redo lsn=0/1EC44C8
2025-12-11 17:29:47 -05 LOG:  no se pudo recibir datos del cliente: An existing connection was forcibly closed by the remote host.
	
2025-12-11 17:46:37 -05 LOG:  no se pudo recibir datos del cliente: An existing connection was forcibly closed by the remote host.
	
2025-12-11 18:01:03 -05 LOG:  empezando checkpoint: time
2025-12-11 18:01:03 -05 LOG:  checkpoint complete: wrote 1 buffers (0.0%), wrote 0 SLRU buffers; 0 WAL file(s) added, 0 removed, 0 recycled; write=0.111 s, sync=0.001 s, total=0.135 s; sync files=1, longest=0.001 s, average=0.001 s; distance=1 kB, estimate=747 kB; lsn=0/1EC4940, redo lsn=0/1EC48E8
2025-12-12 16:29:31 -05 LOG:  no se pudo recibir datos del cliente: An existing connection was forcibly closed by the remote host.
	
