2025-12-15 07:58:53 -05 LOG:  el sistema de bases de datos fue apagado en 2025-12-14 21:04:32 -05
2025-12-15 08:03:54 -05 LOG:  empezando checkpoint: time
2025-12-15 08:03:54 -05 LOG:  checkpoint complete: wrote 0 buffers (0.0%), wrote 3 SLRU buffers; 0 WAL file(s) added, 0 removed, 0 recycled; write=0.095 s, sync=0.012 s, total=0.351 s; sync files=2, longest=0.006 s, average=0.006 s; distance=0 kB, estimate=0 kB; lsn=0/1ECE790, redo lsn=0/1ECE738
2025-12-15 10:10:41 -05 ERROR:  no existe la columna nominas.total_deducciones en car치cter 108
2025-12-15 10:10:41 -05 HINT:  Probablemente quiera hacer referencia a la columna 춺nominas.total_deduciones췉.
2025-12-15 10:10:41 -05 SENTENCIA:  SELECT EXTRACT(month FROM nominas.fecha_pago) AS mes, sum(nominas.total_devengado) AS total_devengado, sum(nominas.total_deducciones) AS total_deducciones, sum(nominas.salario_neto) AS total_neto_pagado, nominas.salud_empleador + nominas.pension_empleador + nominas.arl_empleador + nominas.caja_compensacion_empleador + nominas.icbf + nominas.sena AS total_aportes_patronales 
	FROM nominas 
	WHERE EXTRACT(year FROM nominas.fecha_pago) = 2024 GROUP BY mes ORDER BY mes
2025-12-15 10:12:53 -05 LOG:  empezando checkpoint: time
2025-12-15 10:12:54 -05 LOG:  checkpoint complete: wrote 1 buffers (0.0%), wrote 0 SLRU buffers; 0 WAL file(s) added, 0 removed, 0 recycled; write=0.125 s, sync=0.019 s, total=0.383 s; sync files=1, longest=0.019 s, average=0.019 s; distance=7 kB, estimate=7 kB; lsn=0/1ED04A8, redo lsn=0/1ED0450
2025-12-15 10:19:34 -05 ERROR:  error de sintaxis en o cerca de 춺use췉 en car치cter 1
2025-12-15 10:19:34 -05 SENTENCIA:  use nomina;
2025-12-15 10:22:53 -05 LOG:  empezando checkpoint: time
2025-12-15 10:22:55 -05 LOG:  checkpoint complete: wrote 18 buffers (0.1%), wrote 0 SLRU buffers; 0 WAL file(s) added, 0 removed, 0 recycled; write=1.909 s, sync=0.006 s, total=1.940 s; sync files=6, longest=0.002 s, average=0.001 s; distance=118 kB, estimate=118 kB; lsn=0/1EEDCF0, redo lsn=0/1EEDC98
2025-12-15 10:27:53 -05 LOG:  empezando checkpoint: time
2025-12-15 10:27:54 -05 LOG:  checkpoint complete: wrote 7 buffers (0.0%), wrote 0 SLRU buffers; 0 WAL file(s) added, 0 removed, 0 recycled; write=0.782 s, sync=0.004 s, total=0.818 s; sync files=3, longest=0.002 s, average=0.002 s; distance=43 kB, estimate=110 kB; lsn=0/1EF8C58, redo lsn=0/1EF8BC8
2025-12-15 10:32:53 -05 LOG:  empezando checkpoint: time
2025-12-15 10:32:53 -05 LOG:  checkpoint complete: wrote 3 buffers (0.0%), wrote 1 SLRU buffers; 0 WAL file(s) added, 0 removed, 0 recycled; write=0.319 s, sync=0.004 s, total=0.340 s; sync files=4, longest=0.002 s, average=0.001 s; distance=21 kB, estimate=101 kB; lsn=0/1EFE278, redo lsn=0/1EFE220
2025-12-15 10:33:25 -05 ERROR:  la columna 춺nominas.salud_empleador췉 debe aparecer en la cl치usula GROUP BY o ser usada en una funci칩n de agregaci칩n en car치cter 205
2025-12-15 10:33:25 -05 SENTENCIA:  SELECT EXTRACT(month FROM nominas.fecha_pago) AS mes, sum(nominas.total_devengado) AS total_devengado, sum(nominas.total_deducciones) AS total_deducciones, sum(nominas.salario_neto) AS total_neto_pagado, nominas.salud_empleador + nominas.pension_empleador + nominas.arl_empleador + nominas.caja_compensacion_empleador + nominas.icbf + nominas.sena AS total_aportes_patronales 
	FROM nominas 
	WHERE EXTRACT(year FROM nominas.fecha_pago) = 2024 GROUP BY mes ORDER BY mes
2025-12-15 10:46:55 -05 LOG:  no se pudo recibir datos del cliente: An existing connection was forcibly closed by the remote host.
	
2025-12-15 10:58:27 -05 ERROR:  falta una entrada para la tabla 춺empleados췉 en la cl치usula FROM en car치cter 139
2025-12-15 10:58:27 -05 SENTENCIA:  SELECT usuarios.rol AS nombre_categoria, sum(nominas.costo_empleador) AS total_costo 
	FROM usuarios JOIN nominas ON nominas.empleado_id = empleados.id JOIN usuarios ON empleados.email_corporativo = usuarios.email 
	WHERE EXTRACT(year FROM nominas.fecha_pago) = 2024 GROUP BY usuarios.rol
2025-12-15 11:07:01 -05 ERROR:  error de sintaxis en o cerca de 춺nomina췉 en car치cter 1
2025-12-15 11:07:01 -05 SENTENCIA:  nomina=# SELECT COUNT(*) FROM nominas WHERE EXTRACT(YEAR FROM fecha_pago) = 2024;
2025-12-15 11:07:26 -05 ERROR:  error de sintaxis en o cerca de 춺count췉 en car치cter 1
2025-12-15 11:07:26 -05 SENTENCIA:  count
	-------
	     0
	(1 row)
	nomina=# SELECT COUNT(*) FROM nominas WHERE EXTRACT(YEAR FROM fecha_pago) = 2025;
2025-12-15 11:27:53 -05 LOG:  empezando checkpoint: time
2025-12-15 11:27:56 -05 LOG:  checkpoint complete: wrote 22 buffers (0.1%), wrote 1 SLRU buffers; 0 WAL file(s) added, 0 removed, 0 recycled; write=2.420 s, sync=0.009 s, total=2.566 s; sync files=13, longest=0.002 s, average=0.001 s; distance=19 kB, estimate=93 kB; lsn=0/1F031A0, redo lsn=0/1F03110
2025-12-15 11:28:55 -05 ERROR:  no existe la columna 춺periodo_a춳o췉 en la relaci칩n 춺nominas췉 en car치cter 53
2025-12-15 11:28:55 -05 SENTENCIA:  INSERT INTO nominas (
	    empleado_id, periodo_mes, periodo_a춳o, salario_base, total_devengado, 
	    total_deducciones, salario_neto, costo_empleador, creado_por_id, 
	    fecha_pago, salud_empleador, pension_empleador, arl_empleador, 
	    caja_compensacion_empleador, icbf, sena
	)
	VALUES (
	    1, 12, 2025, 1300000.0, 1300000.0, 
	    200000.0, 1100000.0, 300000.0, 1, 
	    '2025-12-15', 50000.0, 50000.0, 5000.0, 
	    50000.0, 50000.0, 50000.0
	);
2025-12-15 11:29:33 -05 ERROR:  no existe la columna 춺periodo_anio췉 en la relaci칩n 춺nominas췉 en car치cter 53
2025-12-15 11:29:33 -05 SENTENCIA:  INSERT INTO nominas (
	    empleado_id, periodo_mes, periodo_anio, salario_base, total_devengado,
	    total_deducciones, salario_neto, costo_empleador, creado_por_id,
	    fecha_pago, salud_empleador, pension_empleador, arl_empleador,
	    caja_compensacion_empleador, icbf, sena
	)
	VALUES (
	    1, 12, 2025, 1300000.0, 1300000.0,
	    200000.0, 1100000.0, 300000.0, 1,
	    '2025-12-15', 50000.0, 50000.0, 5000.0,
	    50000.0, 50000.0, 50000.0
	);
2025-12-15 11:32:53 -05 LOG:  empezando checkpoint: time
2025-12-15 11:32:55 -05 LOG:  checkpoint complete: wrote 17 buffers (0.1%), wrote 1 SLRU buffers; 0 WAL file(s) added, 0 removed, 0 recycled; write=1.891 s, sync=0.021 s, total=1.923 s; sync files=13, longest=0.010 s, average=0.002 s; distance=27 kB, estimate=86 kB; lsn=0/1F0A128, redo lsn=0/1F0A0D0
2025-12-15 11:42:53 -05 LOG:  empezando checkpoint: time
2025-12-15 11:42:53 -05 LOG:  checkpoint complete: wrote 2 buffers (0.0%), wrote 0 SLRU buffers; 0 WAL file(s) added, 0 removed, 0 recycled; write=0.224 s, sync=0.003 s, total=0.248 s; sync files=2, longest=0.002 s, average=0.002 s; distance=5 kB, estimate=78 kB; lsn=0/1F0B598, redo lsn=0/1F0B540
2025-12-15 12:50:48 -05 LOG:  no se pudo recibir datos del cliente: An existing connection was forcibly closed by the remote host.
	
2025-12-15 13:27:26 -05 LOG:  no se pudo recibir datos del cliente: An existing connection was forcibly closed by the remote host.
	
2025-12-15 13:27:46 -05 LOG:  could not receive data from client: An existing connection was forcibly closed by the remote host.
	
2025-12-15 13:27:46 -05 LOG:  no se pudo recibir datos del cliente: An existing connection was forcibly closed by the remote host.
	
2025-12-15 13:27:46 -05 LOG:  could not receive data from client: An existing connection was forcibly closed by the remote host.
	
2025-12-15 13:27:46 -05 LOG:  no se pudo recibir datos del cliente: An existing connection was forcibly closed by the remote host.
	
2025-12-15 13:30:00 -05 LOG:  apagando
2025-12-15 13:30:00 -05 LOG:  empezando checkpoint: shutdown immediate
2025-12-15 13:30:00 -05 ERROR:  cancelando la sentencia debido a una petici蚤 del usuario
2025-12-15 13:30:00 -05 LOG:  checkpoint complete: wrote 0 buffers (0.0%), wrote 0 SLRU buffers; 0 WAL file(s) added, 0 removed, 0 recycled; write=0.004 s, sync=0.001 s, total=0.023 s; sync files=0, longest=0.000 s, average=0.000 s; distance=0 kB, estimate=70 kB; lsn=0/1F0B648, redo lsn=0/1F0B648
